1643969897087	geckodriver	INFO	Listening on 127.0.0.1:51364
1643969900141	mozrunner::runner	INFO	Running command: "C:\\Program Files\\Mozilla Firefox\\firefox.exe" "--marionette" "--remote-debugging-port" "51365" "-no-remote" "-profile" "C:\\Users\\TETIAN~1\\AppData\\Local\\Temp\\rust_mozprofileWCfKAh"
1643969900545	Marionette	INFO	Marionette enabled
console.warn: SearchSettings: "get: No settings file exists, new profile?" (new NotFoundError("Could not open the file at C:\\Users\\Tetiana_Haiuk\\AppData\\Local\\Temp\\rust_mozprofileWCfKAh\\search.json.mozlz4", (void 0)))
DevTools listening on ws://localhost:51365/devtools/browser/e0bf5e27-43b7-44ac-937f-cc0570447152
1643969902245	Marionette	INFO	Listening on port 51370
1643969902327	RemoteAgent	WARN	TLS certificate errors will be ignored for this session
JavaScript error: http://selenium1py.pythonanywhere.com/en-gb/, line 758: ReferenceError: oscar is not defined
JavaScript error: http://selenium1py.pythonanywhere.com/en-gb/, line 758: ReferenceError: oscar is not defined
JavaScript error: http://selenium1py.pythonanywhere.com/en-gb/, line 758: ReferenceError: oscar is not defined
1643969905830	Marionette	INFO	Stopped listening on port 51370

###!!! [Parent][RunMessage] Error: Channel closing: too late to send/recv, messages will be lost

1643972749430	geckodriver	INFO	Listening on 127.0.0.1:53229
1643972752502	mozrunner::runner	INFO	Running command: "C:\\Program Files\\Mozilla Firefox\\firefox.exe" "--marionette" "--remote-debugging-port" "53230" "-no-remote" "-profile" "C:\\Users\\TETIAN~1\\AppData\\Local\\Temp\\rust_mozprofile0prJ4l"
1643972752707	Marionette	INFO	Marionette enabled
console.warn: SearchSettings: "get: No settings file exists, new profile?" (new NotFoundError("Could not open the file at C:\\Users\\Tetiana_Haiuk\\AppData\\Local\\Temp\\rust_mozprofile0prJ4l\\search.json.mozlz4", (void 0)))
DevTools listening on ws://localhost:53230/devtools/browser/05b561bf-8d6d-4bc4-b54b-7ada5472bbcc
1643972754271	Marionette	INFO	Listening on port 53235
1643972754547	RemoteAgent	WARN	TLS certificate errors will be ignored for this session
JavaScript error: http://selenium1py.pythonanywhere.com/en-gb/, line 758: ReferenceError: oscar is not defined
JavaScript error: http://selenium1py.pythonanywhere.com/en-gb/, line 758: ReferenceError: oscar is not defined
JavaScript error: http://selenium1py.pythonanywhere.com/en-gb/, line 758: ReferenceError: oscar is not defined
1643972757216	Marionette	INFO	Stopped listening on port 53235

###!!! [Parent][RunMessage] Error: Channel closing: too late to send/recv, messages will be lost

